Added Component: Designator=MP1(WURTH 74651194)
Add component (AddParameter): Name = "ComponentLink1Description"; Value = "Datasheet"; VariantName = "[No Variations]"
Add component (AddParameter): Name = "ComponentLink1URL"; Value = "https://katalog.we-online.de/em/datasheet/74651194R.pdf"; VariantName = "[No Variations]"
Add component (AddParameter): Name = "ComponentLink2Description"; Value = "DigiKey Link"; VariantName = "[No Variations]"
Add component (AddParameter): Name = "ComponentLink2URL"; Value = "https://www.digikey.com/en/products/detail/würth-elektronik/74651194R/6644003"; VariantName = "[No Variations]"
Add component (AddParameter): Name = "Current Rating (Amps)"; Value = "85 A"; VariantName = "[No Variations]"
Add component (AddParameter): Name = "LastUpdated"; Value = "07/08/2022 21:20:29"; VariantName = "[No Variations]"
Add component (AddParameter): Name = "Lifecycle Status"; Value = "Active"; VariantName = "[No Variations]"
Add component (AddParameter): Name = "Manufacturer"; Value = "Würth Elektronik"; VariantName = "[No Variations]"
Add component (AddParameter): Name = "Minimum Order"; Value = "1"; VariantName = "[No Variations]"
Add component (AddParameter): Name = "Mounting Type"; Value = "Through Hole"; VariantName = "[No Variations]"
Add component (AddParameter): Name = "Number of Pins"; Value = "9"; VariantName = "[No Variations]"
Add component (AddParameter): Name = "Packaging"; Value = "TapeAndReel"; VariantName = "[No Variations]"
Add component (AddParameter): Name = "Part Number"; Value = "74651194R"; VariantName = "[No Variations]"
Add component (AddParameter): Name = "Part Status"; Value = "Active"; VariantName = "[No Variations]"
Add component (AddParameter): Name = "Price"; Value = "2.24"; VariantName = "[No Variations]"
Add component (AddParameter): Name = "Series"; Value = "REDCUBE WP-THRSH"; VariantName = "[No Variations]"
Add component (AddParameter): Name = "Supplier 1"; Value = "DigiKey"; VariantName = "[No Variations]"
Add component (AddParameter): Name = "Supplier Part Number 1"; Value = "732-10907-1-ND"; VariantName = "[No Variations]"
Add component (AddParameter): Name = "Terminal Type"; Value = "Shank Terminal"; VariantName = "[No Variations]"
Add component (AddParameter): Name = "Termination"; Value = "Solder"; VariantName = "[No Variations]"
Added Component: Designator=MP2(WURTH 74650074)
Add component (AddParameter): Name = "ComponentLink1Description"; Value = "Datasheet"; VariantName = "[No Variations]"
Add component (AddParameter): Name = "ComponentLink1URL"; Value = "https://katalog.we-online.de/em/datasheet/74650074R.pdf"; VariantName = "[No Variations]"
Add component (AddParameter): Name = "ComponentLink2Description"; Value = "DigiKey Link"; VariantName = "[No Variations]"
Add component (AddParameter): Name = "ComponentLink2URL"; Value = "https://www.digikey.com/en/products/detail/würth-elektronik/74650074R/6643979"; VariantName = "[No Variations]"
Add component (AddParameter): Name = "Current Rating (Amps)"; Value = "50 A"; VariantName = "[No Variations]"
Add component (AddParameter): Name = "Features"; Value = "Screw not Included"; VariantName = "[No Variations]"
Add component (AddParameter): Name = "LastUpdated"; Value = "07/08/2022 20:40:07"; VariantName = "[No Variations]"
Add component (AddParameter): Name = "Lifecycle Status"; Value = "Active"; VariantName = "[No Variations]"
Add component (AddParameter): Name = "Manufacturer"; Value = "Würth Elektronik"; VariantName = "[No Variations]"
Add component (AddParameter): Name = "Minimum Order"; Value = "1"; VariantName = "[No Variations]"
Add component (AddParameter): Name = "Mounting Type"; Value = "Through Hole"; VariantName = "[No Variations]"
Add component (AddParameter): Name = "Number of Pins"; Value = "4"; VariantName = "[No Variations]"
Add component (AddParameter): Name = "Packaging"; Value = "TapeAndReel"; VariantName = "[No Variations]"
Add component (AddParameter): Name = "Part Number"; Value = "74650074R"; VariantName = "[No Variations]"
Add component (AddParameter): Name = "Part Status"; Value = "Active"; VariantName = "[No Variations]"
Add component (AddParameter): Name = "Price"; Value = "2.38"; VariantName = "[No Variations]"
Add component (AddParameter): Name = "Screw Size"; Value = "M4"; VariantName = "[No Variations]"
Add component (AddParameter): Name = "Series"; Value = "REDCUBE WP-THRBU"; VariantName = "[No Variations]"
Add component (AddParameter): Name = "Supplier 1"; Value = "DigiKey"; VariantName = "[No Variations]"
Add component (AddParameter): Name = "Supplier Part Number 1"; Value = "732-10883-1-ND"; VariantName = "[No Variations]"
Add component (AddParameter): Name = "Terminal Type"; Value = "Screw Terminal, Power Tap"; VariantName = "[No Variations]"
Add component (AddParameter): Name = "Termination"; Value = "Solder"; VariantName = "[No Variations]"
Added Pin To Net: NetName=NetMP1_1 Pin=MP1-1
Added Pin To Net: NetName=NetMP1_1 Pin=MP1-1
Added Pin To Net: NetName=NetMP1_1 Pin=MP1-1
Added Pin To Net: NetName=NetMP1_1 Pin=MP1-1
Added Pin To Net: NetName=NetMP1_1 Pin=MP1-1
Added Pin To Net: NetName=NetMP1_1 Pin=MP1-1
Added Pin To Net: NetName=NetMP1_1 Pin=MP1-1
Added Pin To Net: NetName=NetMP1_1 Pin=MP1-1
Added Pin To Net: NetName=NetMP1_1 Pin=MP1-1
Added Pin To Net: NetName=NetMP1_1 Pin=MP2-1
Added Pin To Net: NetName=NetMP1_1 Pin=MP2-1
Added Pin To Net: NetName=NetMP1_1 Pin=MP2-1
Added Pin To Net: NetName=NetMP1_1 Pin=MP2-1
Added Net: Name=NetMP1_1
Added Class: Name=Trace_3
